[2024-09-29 11:52:35] local.INFO: Signup data stored in session {"_token":"E6WegXk1omU3qIgW5ZwGIzqe70SVvxMr94k8s2BH","_method":"post","firstName":"Aidelle Rei","lastName":"Atienza","nationality":"Korean","email":"dontdie000@gmail.com","middleName":null,"birthDate":"2002-09-29","sex":"female","contactNumber":"09123456789","username":"rei","password":"12345678","password_confirmation":"12345678"} 
[2024-09-29 11:56:46] local.INFO: Signup data stored in session {"_token":"E6WegXk1omU3qIgW5ZwGIzqe70SVvxMr94k8s2BH","_method":"post","firstName":"Aidelle Rei","lastName":"Atienza","nationality":"Korean","email":"dontdie000@gmail.com","middleName":null,"birthDate":"2002-09-29","sex":"female","contactNumber":"09123456789","username":"rei","password":"12345678","password_confirmation":"12345678"} 
[2024-09-29 12:00:35] local.INFO: Signup data stored in session {"_token":"E6WegXk1omU3qIgW5ZwGIzqe70SVvxMr94k8s2BH","_method":"post","firstName":"Aidelle Rei","lastName":"Atienza","nationality":"Korean","email":"dontdie000@gmail.com","middleName":null,"birthDate":"2002-09-29","sex":"female","contactNumber":"09123456789","username":"rei","password":"12345678","password_confirmation":"12345678"} 
[2024-09-29 12:05:12] local.INFO: Signup data stored in session {"_token":"E6WegXk1omU3qIgW5ZwGIzqe70SVvxMr94k8s2BH","_method":"post","firstName":"Aidelle Rei","lastName":"Atienza","nationality":"Korean","email":"dontdie000@gmail.com","middleName":null,"birthDate":"2000-09-29","sex":"female","contactNumber":"09123456789","username":"rei","password":"12345678","password_confirmation":"12345678"} 
[2024-09-29 12:05:12] local.INFO: OTP created successfully: {"otp":802405} 
[2024-09-29 12:05:30] local.ERROR: Failed to send OTP email {"error":"Expected response code \"250\" but got empty code."} 
[2024-09-29 12:05:45] local.INFO: Signup data stored in session {"_token":"E6WegXk1omU3qIgW5ZwGIzqe70SVvxMr94k8s2BH","_method":"post","firstName":"Aidelle Rei","lastName":"Atienza","nationality":"Korean","email":"dontdie000@gmail.com","middleName":null,"birthDate":"2000-09-29","sex":"female","contactNumber":"09123456789","username":"rei","password":"12345678","password_confirmation":"12345678"} 
[2024-09-29 12:05:45] local.INFO: OTP created successfully: {"otp":468896} 
[2024-09-29 12:08:37] local.INFO: Signup data stored in session {"_token":"E6WegXk1omU3qIgW5ZwGIzqe70SVvxMr94k8s2BH","_method":"post","firstName":"Aidelle Rei","lastName":"Atienza","nationality":"Korean","email":"dontdie000@gmail.com","middleName":null,"birthDate":"2002-09-29","sex":"female","contactNumber":"09123456789","username":"airei","password":"12345678","password_confirmation":"12345678"} 
[2024-09-29 12:08:37] local.INFO: OTP created successfully: {"otp":846682} 
[2024-09-29 12:11:40] local.INFO: Signup data stored in session {"_token":"E6WegXk1omU3qIgW5ZwGIzqe70SVvxMr94k8s2BH","_method":"post","firstName":"Aidelle Rei","lastName":"Atienza","nationality":"Korean","email":"dontdie000@gmail.com","middleName":null,"birthDate":"2002-09-29","sex":"male","contactNumber":"09123456789","username":"rei","password":"12345678","password_confirmation":"12345678"} 
[2024-09-29 12:11:40] local.INFO: OTP created successfully: {"otp":204439} 
[2024-09-29 12:15:25] local.INFO: Signup data stored in session {"_token":"E6WegXk1omU3qIgW5ZwGIzqe70SVvxMr94k8s2BH","_method":"post","firstName":"Aidelle Rei","lastName":"Atienza","nationality":"Korean","email":"dontdie000@gmail.com","middleName":null,"birthDate":"2000-09-29","sex":"female","contactNumber":"09123456789","username":"rei","password":"12345678","password_confirmation":"12345678"} 
[2024-09-29 12:15:25] local.INFO: OTP created successfully: {"otp":960639} 
[2024-09-29 12:20:17] local.INFO: Signup data stored in session {"_token":"E6WegXk1omU3qIgW5ZwGIzqe70SVvxMr94k8s2BH","_method":"post","firstName":"Aidelle Rei","lastName":"Atienza","nationality":"Korean","email":"dontdie000@gmail.com","middleName":null,"birthDate":"2024-09-29","sex":"female","contactNumber":"09123456789","username":"rei","password":"12345678","password_confirmation":"12345678"} 
[2024-09-29 12:20:17] local.INFO: OTP created successfully: {"otp":516598} 
[2024-09-29 12:22:47] local.INFO: Signup data stored in session {"_token":"E6WegXk1omU3qIgW5ZwGIzqe70SVvxMr94k8s2BH","_method":"post","firstName":"Aidelle Rei","lastName":"Atienza","nationality":"Filipino","email":"dontdie000@gmail.com","middleName":null,"birthDate":"2024-09-29","sex":"female","contactNumber":"09123456789","username":"rei","password":"12345678","password_confirmation":"12345678"} 
[2024-09-29 12:22:47] local.INFO: OTP created successfully: {"otp":599545} 
[2024-09-29 12:25:06] local.INFO: Signup data stored in session {"_token":"E6WegXk1omU3qIgW5ZwGIzqe70SVvxMr94k8s2BH","_method":"post","firstName":"Aidelle Rei","lastName":"Atienza","nationality":"Filipino","email":"dontdie000@gmail.com","middleName":"Berondo","birthDate":"2000-09-29","sex":"female","contactNumber":"09123456789","username":"rei","password":"12345678","password_confirmation":"12345678"} 
[2024-09-29 12:25:06] local.INFO: OTP created successfully: {"otp":235384} 
